<?xml version="1.0" encoding="UTF-8"?>
<testsuite name="iloveyouboss.ScoreCollectionTest" tests="1" skipped="0" failures="0" errors="0" timestamp="2024-07-26T08:29:48" hostname="DESKTOP-B3QFQIF" time="0.006">
  <properties/>
  <testcase name="answersArithmeticMeanOfTwoNumbers" classname="iloveyouboss.ScoreCollectionTest" time="0.006"/>
  <system-out><![CDATA[]]></system-out>
  <system-err><![CDATA[]]></system-err>
</testsuite>
